\BOOKMARK [0][-]{chapter*.1}{Acknowledgements}{}% 1
\BOOKMARK [0][-]{chapter*.2}{Course\040Description}{}% 2
\BOOKMARK [0][-]{chapter*.3}{How\040to\040do\040well\040in\040this\040class}{}% 3
\BOOKMARK [1][-]{section*.4}{Before\040the\040lab}{chapter*.3}% 4
\BOOKMARK [1][-]{section*.4}{During\040the\040lab}{chapter*.3}% 5
\BOOKMARK [1][-]{section*.4}{After\040the\040lab}{chapter*.3}% 6
\BOOKMARK [0][-]{chapter.1}{Lab\040Safety}{}% 7
\BOOKMARK [1][-]{section.1.1}{General\040rules}{chapter.1}% 8
\BOOKMARK [1][-]{section.1.2}{Class\040dissections}{chapter.1}% 9
\BOOKMARK [1][-]{section.1.3}{Clothing}{chapter.1}% 10
\BOOKMARK [1][-]{section.1.4}{Handling\040chemicals}{chapter.1}% 11
\BOOKMARK [1][-]{section.1.5}{Glassware}{chapter.1}% 12
\BOOKMARK [1][-]{section.1.6}{Heating\040substances}{chapter.1}% 13
\BOOKMARK [1][-]{section.1.7}{Handling\040microbiology\040materials}{chapter.1}% 14
\BOOKMARK [0][-]{chapter.2}{Fungi}{}% 15
\BOOKMARK [1][-]{section.2.1}{Microscopic\040Morphology}{chapter.2}% 16
\BOOKMARK [1][-]{section.2.2}{Macroscopic\040Morphology}{chapter.2}% 17
\BOOKMARK [1][-]{section.2.3}{Reproduction}{chapter.2}% 18
\BOOKMARK [1][-]{section.2.4}{Aspergillus}{chapter.2}% 19
\BOOKMARK [1][-]{section.2.5}{Penicillium}{chapter.2}% 20
\BOOKMARK [1][-]{section.2.6}{Rhizopus\040stolonifer}{chapter.2}% 21
\BOOKMARK [1][-]{section.2.7}{Yeast}{chapter.2}% 22
\BOOKMARK [1][-]{section.2.8}{View\040Prepared\040Slides\040of\040Fungi\040Lacking\040Sexual\040Stages}{chapter.2}% 23
\BOOKMARK [1][-]{section.2.9}{View\040Prepared\040Slides\040of\040Ascomycetes}{chapter.2}% 24
\BOOKMARK [1][-]{section.2.10}{View\040Prepared\040Slides\040of\040Basidiomycetes}{chapter.2}% 25
\BOOKMARK [1][-]{section.2.11}{View\040Prepared\040Slides\040Glomeromycetes}{chapter.2}% 26
\BOOKMARK [1][-]{section.2.12}{Lichen}{chapter.2}% 27
\BOOKMARK [1][-]{section.2.13}{View\040Prepared\040Slides\040of\040Lichens}{chapter.2}% 28
\BOOKMARK [1][-]{section.2.14}{View\040Living\040Organisms}{chapter.2}% 29
\BOOKMARK [1][-]{section.2.15}{Review\040Questions}{chapter.2}% 30
\BOOKMARK [0][-]{chapter.3}{Non-vascular\040Plants\040and\040Plants\040Without\040Seeds}{}% 31
\BOOKMARK [1][-]{section.3.1}{Embryophytes}{chapter.3}% 32
\BOOKMARK [1][-]{section.3.2}{Non-vascular\040plants}{chapter.3}% 33
\BOOKMARK [1][-]{section.3.3}{Bryophytes}{chapter.3}% 34
\BOOKMARK [1][-]{section.3.4}{Mosses}{chapter.3}% 35
\BOOKMARK [1][-]{section.3.5}{View\040Prepared\040Slides\040of\040Mosses}{chapter.3}% 36
\BOOKMARK [1][-]{section.3.6}{Liverworts}{chapter.3}% 37
\BOOKMARK [1][-]{section.3.7}{View\040Prepared\040Slides\040of\040Liverworts}{chapter.3}% 38
\BOOKMARK [1][-]{section.3.8}{Vascular\040plants}{chapter.3}% 39
\BOOKMARK [1][-]{section.3.9}{Pteridophyta}{chapter.3}% 40
\BOOKMARK [1][-]{section.3.10}{Clubmosses}{chapter.3}% 41
\BOOKMARK [1][-]{section.3.11}{Spikemosses}{chapter.3}% 42
\BOOKMARK [1][-]{section.3.12}{View\040Prepared\040Slides\040of\040Selaginella}{chapter.3}% 43
\BOOKMARK [1][-]{section.3.13}{Horsetails}{chapter.3}% 44
\BOOKMARK [1][-]{section.3.14}{View\040Prepared\040Slides\040of\040Equisetum}{chapter.3}% 45
\BOOKMARK [1][-]{section.3.15}{Whisk\040ferns}{chapter.3}% 46
\BOOKMARK [1][-]{section.3.16}{View\040Prepared\040Slides\040of\040Psilotum}{chapter.3}% 47
\BOOKMARK [1][-]{section.3.17}{View\040Prepared\040Slides\040of\040Ferns}{chapter.3}% 48
\BOOKMARK [1][-]{section.3.18}{View\040Prepared\040Slides\040of\040Cyrtomium}{chapter.3}% 49
\BOOKMARK [1][-]{section.3.19}{View\040Living\040Organisms}{chapter.3}% 50
\BOOKMARK [1][-]{section.3.20}{Review\040Questions}{chapter.3}% 51
\BOOKMARK [0][-]{chapter.4}{Gymnosperms\040and\040Angiosperms}{}% 52
\BOOKMARK [1][-]{section.4.1}{Gymnosperms}{chapter.4}% 53
\BOOKMARK [1][-]{section.4.2}{View\040Prepared\040Slides\040of\040Gymnosperms}{chapter.4}% 54
\BOOKMARK [1][-]{section.4.3}{Angiosperms}{chapter.4}% 55
\BOOKMARK [1][-]{section.4.4}{View\040Prepared\040Slides\040of\040Angiosperms}{chapter.4}% 56
\BOOKMARK [1][-]{section.4.5}{Monocotyledons\040and\040Dicotyledons}{chapter.4}% 57
\BOOKMARK [1][-]{section.4.6}{View\040Prepared\040Slides\040of\040Monocots\040And\040Eudicots}{chapter.4}% 58
\BOOKMARK [1][-]{section.4.7}{Lilium}{chapter.4}% 59
\BOOKMARK [1][-]{section.4.8}{Dissection\040of\040Fresh\040Lilies}{chapter.4}% 60
\BOOKMARK [1][-]{section.4.9}{Review\040Questions}{chapter.4}% 61
\BOOKMARK [0][-]{chapter.5}{Porifera,\040Cnidaria,\040Ctenophora}{}% 62
\BOOKMARK [1][-]{section.5.1}{Animals}{chapter.5}% 63
\BOOKMARK [1][-]{section.5.2}{Poriphera}{chapter.5}% 64
\BOOKMARK [1][-]{section.5.3}{Grantia}{chapter.5}% 65
\BOOKMARK [1][-]{section.5.4}{View\040Prepared\040Slides\040of\040Grantia}{chapter.5}% 66
\BOOKMARK [1][-]{section.5.5}{Cnidaria}{chapter.5}% 67
\BOOKMARK [1][-]{section.5.6}{Hydra}{chapter.5}% 68
\BOOKMARK [1][-]{section.5.7}{View\040Prepared\040Slides\040of\040Hydra}{chapter.5}% 69
\BOOKMARK [1][-]{section.5.8}{Aurelia}{chapter.5}% 70
\BOOKMARK [1][-]{section.5.9}{View\040Prepared\040Slides\040of\040Aurelia}{chapter.5}% 71
\BOOKMARK [1][-]{section.5.10}{Obelia}{chapter.5}% 72
\BOOKMARK [1][-]{section.5.11}{View\040Prepared\040Slides\040of\040Obelia}{chapter.5}% 73
\BOOKMARK [1][-]{section.5.12}{Metridium}{chapter.5}% 74
\BOOKMARK [1][-]{section.5.13}{View\040Prepared\040Slides\040of\040Metridium}{chapter.5}% 75
\BOOKMARK [1][-]{section.5.14}{View\040Living\040Organisms}{chapter.5}% 76
\BOOKMARK [1][-]{section.5.15}{Ctenophora}{chapter.5}% 77
\BOOKMARK [1][-]{section.5.16}{Review\040Questions}{chapter.5}% 78
\BOOKMARK [0][-]{chapter.6}{Rotifera,\040Platyhelminthes,\040Molluska\040and\040Annelida}{}% 79
\BOOKMARK [1][-]{section.6.1}{Rotifers}{chapter.6}% 80
\BOOKMARK [1][-]{section.6.2}{Platyhelminthes}{chapter.6}% 81
\BOOKMARK [1][-]{section.6.3}{Turbellaria}{chapter.6}% 82
\BOOKMARK [1][-]{section.6.4}{Dugesia}{chapter.6}% 83
\BOOKMARK [1][-]{section.6.5}{View\040Prepared\040Slides\040of\040Dugesia}{chapter.6}% 84
\BOOKMARK [1][-]{section.6.6}{Cestoda}{chapter.6}% 85
\BOOKMARK [1][-]{section.6.7}{View\040Prepared\040Slides\040of\040Taenia}{chapter.6}% 86
\BOOKMARK [1][-]{section.6.8}{Trematoda}{chapter.6}% 87
\BOOKMARK [1][-]{section.6.9}{View\040Prepared\040Slides\040of\040Trematoda}{chapter.6}% 88
\BOOKMARK [1][-]{section.6.10}{Schistosoma}{chapter.6}% 89
\BOOKMARK [1][-]{section.6.11}{View\040Prepared\040Slides\040of\040Schistosoma}{chapter.6}% 90
\BOOKMARK [1][-]{section.6.12}{Monogenea}{chapter.6}% 91
\BOOKMARK [1][-]{section.6.13}{Molluska}{chapter.6}% 92
\BOOKMARK [1][-]{section.6.14}{Bivalvia}{chapter.6}% 93
\BOOKMARK [1][-]{section.6.15}{Clams}{chapter.6}% 94
\BOOKMARK [1][-]{section.6.16}{Gastropoda}{chapter.6}% 95
\BOOKMARK [1][-]{section.6.17}{View\040Prepared\040Slides\040of\040Molluska}{chapter.6}% 96
\BOOKMARK [1][-]{section.6.18}{Cephalopoda}{chapter.6}% 97
\BOOKMARK [1][-]{section.6.19}{Annelida}{chapter.6}% 98
\BOOKMARK [1][-]{section.6.20}{Earthworm}{chapter.6}% 99
\BOOKMARK [1][-]{section.6.21}{View\040Living\040Organisms}{chapter.6}% 100
\BOOKMARK [1][-]{section.6.22}{Clam\040Dissection}{chapter.6}% 101
\BOOKMARK [1][-]{section.6.23}{Cleaning\040up}{chapter.6}% 102
\BOOKMARK [1][-]{section.6.24}{Earthworm\040Dissection}{chapter.6}% 103
\BOOKMARK [1][-]{section.6.25}{Cleaning\040up}{chapter.6}% 104
\BOOKMARK [1][-]{section.6.26}{Review\040Questions}{chapter.6}% 105
\BOOKMARK [0][-]{chapter.7}{Nematoda\040and\040Arthropoda}{}% 106
\BOOKMARK [1][-]{section.7.1}{Nematodes}{chapter.7}% 107
\BOOKMARK [1][-]{section.7.2}{Ascaris}{chapter.7}% 108
\BOOKMARK [1][-]{section.7.3}{View\040Prepared\040Slides\040of\040Ascaris}{chapter.7}% 109
\BOOKMARK [1][-]{section.7.4}{Trichinella}{chapter.7}% 110
\BOOKMARK [1][-]{section.7.5}{View\040Prepared\040Slides\040of\040Trichinella}{chapter.7}% 111
\BOOKMARK [1][-]{section.7.6}{Vinegar\040eels}{chapter.7}% 112
\BOOKMARK [1][-]{section.7.7}{Arthropods}{chapter.7}% 113
\BOOKMARK [1][-]{section.7.8}{Crayfish}{chapter.7}% 114
\BOOKMARK [1][-]{section.7.9}{Crayfish\040Dissection}{chapter.7}% 115
\BOOKMARK [1][-]{section.7.10}{Cleaning\040up}{chapter.7}% 116
\BOOKMARK [1][-]{section.7.11}{View\040Living\040Organisms}{chapter.7}% 117
\BOOKMARK [1][-]{section.7.12}{Review\040Questions}{chapter.7}% 118
\BOOKMARK [0][-]{chapter.8}{Echinodermata,\040Hemichordata\040and\040Chordata}{}% 119
\BOOKMARK [1][-]{section.8.1}{Echinodermata}{chapter.8}% 120
\BOOKMARK [1][-]{section.8.2}{Starfish}{chapter.8}% 121
\BOOKMARK [1][-]{section.8.3}{Starfish\040Dissection}{chapter.8}% 122
\BOOKMARK [1][-]{section.8.4}{View\040Prepared\040Slides\040of\040Asterias}{chapter.8}% 123
\BOOKMARK [1][-]{section.8.5}{Hemichordata}{chapter.8}% 124
\BOOKMARK [1][-]{section.8.6}{Chordata}{chapter.8}% 125
\BOOKMARK [1][-]{section.8.7}{Craniata\040\(Vertebrata\)}{chapter.8}% 126
\BOOKMARK [1][-]{section.8.8}{Tunicates}{chapter.8}% 127
\BOOKMARK [1][-]{section.8.9}{View\040Prepared\040Slides\040of\040Tunicates}{chapter.8}% 128
\BOOKMARK [1][-]{section.8.10}{Cephalochordates}{chapter.8}% 129
\BOOKMARK [1][-]{section.8.11}{View\040Prepared\040Slides\040of\040Lancelet}{chapter.8}% 130
\BOOKMARK [1][-]{section.8.12}{Review\040Questions}{chapter.8}% 131
\BOOKMARK [0][-]{chapter.9}{Mammalian\040Tissues}{}% 132
\BOOKMARK [1][-]{section.9.1}{Animal\040tissues}{chapter.9}% 133
\BOOKMARK [1][-]{section.9.2}{Connective\040tissue}{chapter.9}% 134
\BOOKMARK [1][-]{section.9.3}{Muscle\040tissue}{chapter.9}% 135
\BOOKMARK [1][-]{section.9.4}{Nervous\040tissue}{chapter.9}% 136
\BOOKMARK [1][-]{section.9.5}{Epithelial\040tissue}{chapter.9}% 137
\BOOKMARK [1][-]{section.9.6}{Animal\040Organs}{chapter.9}% 138
\BOOKMARK [1][-]{section.9.7}{Animal\040Organ\040Systems}{chapter.9}% 139
\BOOKMARK [1][-]{section.9.8}{View\040Prepared\040Slides\040of\040Tissues}{chapter.9}% 140
\BOOKMARK [1][-]{section.9.9}{Review\040Questions}{chapter.9}% 141
\BOOKMARK [0][-]{chapter.10}{Mammalian\040Anatomy\040I}{}% 142
\BOOKMARK [1][-]{section.10.1}{Fetal\040Pig\040Dissection}{chapter.10}% 143
\BOOKMARK [1][-]{section.10.2}{Cleaning\040up}{chapter.10}% 144
\BOOKMARK [1][-]{section.10.3}{Review\040Questions}{chapter.10}% 145
\BOOKMARK [0][-]{chapter.11}{Mammalian\040Anatomy\040II}{}% 146
\BOOKMARK [1][-]{section.11.1}{Skin}{chapter.11}% 147
\BOOKMARK [1][-]{section.11.2}{Epidermis}{chapter.11}% 148
\BOOKMARK [1][-]{section.11.3}{Basement\040membrane}{chapter.11}% 149
\BOOKMARK [1][-]{section.11.4}{Dermis}{chapter.11}% 150
\BOOKMARK [1][-]{section.11.5}{Papillary\040region}{chapter.11}% 151
\BOOKMARK [1][-]{section.11.6}{Reticular\040region}{chapter.11}% 152
\BOOKMARK [1][-]{section.11.7}{Subcutaneous\040tissue}{chapter.11}% 153
\BOOKMARK [1][-]{section.11.8}{Muscle}{chapter.11}% 154
\BOOKMARK [1][-]{section.11.9}{Cartilage}{chapter.11}% 155
\BOOKMARK [1][-]{section.11.10}{Bone}{chapter.11}% 156
\BOOKMARK [1][-]{section.11.11}{The\040Kidneys}{chapter.11}% 157
\BOOKMARK [1][-]{section.11.12}{Sheep\040Kidney\040Dissection}{chapter.11}% 158
\BOOKMARK [1][-]{section.11.13}{Cleaning\040up}{chapter.11}% 159
\BOOKMARK [1][-]{section.11.14}{The\040Heart}{chapter.11}% 160
\BOOKMARK [1][-]{section.11.15}{Sheep\040Heart\040Dissection}{chapter.11}% 161
\BOOKMARK [1][-]{section.11.16}{Cleaning\040up}{chapter.11}% 162
\BOOKMARK [1][-]{section.11.17}{View\040Prepared\040Slides}{chapter.11}% 163
\BOOKMARK [1][-]{section.11.18}{The\040human\040skeleton}{chapter.11}% 164
\BOOKMARK [1][-]{section.11.19}{Locate\040the\040following\040bones\040of\040the\040human\040skeleton:}{chapter.11}% 165
\BOOKMARK [1][-]{section.11.20}{Comparison\040of\040Vertebrate\040Skeletons}{chapter.11}% 166
\BOOKMARK [1][-]{section.11.21}{Review\040Questions}{chapter.11}% 167
\BOOKMARK [0][-]{chapter.12}{Reproduction\040in\040Animals\040and\040Gametogenesis}{}% 168
\BOOKMARK [1][-]{section.12.1}{Gametogenesis}{chapter.12}% 169
\BOOKMARK [1][-]{section.12.2}{Embryogenesis\040and\040Embryonic\040development}{chapter.12}% 170
\BOOKMARK [1][-]{section.12.3}{Comparative\040embryology}{chapter.12}% 171
\BOOKMARK [1][-]{section.12.4}{View\040Prepared\040Slides}{chapter.12}% 172
\BOOKMARK [1][-]{section.12.5}{Starfish\040embryology}{chapter.12}% 173
\BOOKMARK [1][-]{section.12.6}{Frog\040embryology}{chapter.12}% 174
\BOOKMARK [1][-]{section.12.7}{Chicken\040embryology}{chapter.12}% 175
\BOOKMARK [1][-]{section.12.8}{Mammalian\040reproductive\040organs\040and\040gametes}{chapter.12}% 176
\BOOKMARK [1][-]{section.12.9}{Review\040Questions}{chapter.12}% 177
\BOOKMARK [0][-]{appendix.A}{Explanations\040of\040Important\040Terms\040And\040Concepts}{}% 178
\BOOKMARK [1][-]{section.A.1}{Autotrophs\040and\040Heterotrophs}{appendix.A}% 179
\BOOKMARK [1][-]{section.A.2}{Biological\040Life\040Cycle}{appendix.A}% 180
\BOOKMARK [1][-]{section.A.3}{Asexual\040and\040Sexual\040Reproduction}{appendix.A}% 181
\BOOKMARK [1][-]{section.A.4}{Multicellularity}{appendix.A}% 182
\BOOKMARK [1][-]{section.A.5}{Species}{appendix.A}% 183
\BOOKMARK [1][-]{section.A.6}{Evolution}{appendix.A}% 184
\BOOKMARK [1][-]{section.A.7}{Phylum}{appendix.A}% 185
\BOOKMARK [1][-]{section.A.8}{Phylogenetics}{appendix.A}% 186
\BOOKMARK [1][-]{section.A.9}{Taxonomy}{appendix.A}% 187
\BOOKMARK [1][-]{section.A.10}{Cladistics}{appendix.A}% 188
\BOOKMARK [1][-]{section.A.11}{Animal\040Clades}{appendix.A}% 189
\BOOKMARK [1][-]{section.A.12}{Non-bilaterian\040Animals}{appendix.A}% 190
\BOOKMARK [1][-]{section.A.13}{Bilaterian\040Animals}{appendix.A}% 191
\BOOKMARK [1][-]{section.A.14}{Deuterostomes\040and\040Protostomes}{appendix.A}% 192
\BOOKMARK [1][-]{section.A.15}{Ecdysozoa}{appendix.A}% 193
\BOOKMARK [1][-]{section.A.16}{Lophotrochozoa}{appendix.A}% 194
\BOOKMARK [1][-]{section.A.17}{Platyzoa}{appendix.A}% 195
\BOOKMARK [1][-]{section.A.18}{Binomial\040Nomenclature}{appendix.A}% 196
\BOOKMARK [1][-]{section.A.19}{The\040Geologic\040Time\040Scale}{appendix.A}% 197
\BOOKMARK [1][-]{section.A.20}{Plant\040Anatomy}{appendix.A}% 198
\BOOKMARK [1][-]{section.A.21}{Plant\040Tissues}{appendix.A}% 199
\BOOKMARK [1][-]{section.A.22}{Coelom}{appendix.A}% 200
\BOOKMARK [0][-]{appendix.B}{A\040Refresher\040on\040How\040to\040Use\040The\040Microscope}{}% 201
\BOOKMARK [1][-]{section.B.1}{Starting\040up\040the\040microscope}{appendix.B}% 202
\BOOKMARK [1][-]{section.B.2}{Turning\040off\040the\040microscope}{appendix.B}% 203
